AA:AA0,AD-2
AB:AB0,AA-1,AD-3,CC0
AD:AD0,AE1
AE:AE0,AB1,AA0,AD-2,CC1
CC:CC0,AB0,AA-1,AD-3
-----
AA:AA0,AD-2,AE-1
AB:AB0,AA-1,AD-3,CC0,AE-2
AD:AD0,AE1,AB2,AA1,CC2
AE:AE0,AB1,AA0,AD-2,CC1
CC:CC0,AB0,AA-1,AD-3,AE-2
-----
AA:AA0,AD-2,AE-1,AB0,CC0
AB:AB0,AA-1,AD-3,CC-1,AE-2
AD:AD0,AE1,AB2,AA1,CC2
AE:AE0,AB1,AA0,AD-2,CC0
CC:CC0,AB0,AA-1,AD-3,AE-2
-----
AA:AA0,AD-2,AE-1,AB0,CC0
AB:AB0,AA-1,AD-3,CC-1,AE-2
AD:AD0,AE1,AB2,AA1,CC1
AE:AE0,AB1,AA0,AD-2,CC0
CC:CC0,AB0,AA-1,AD-3,AE-2
-----
AA:AA0,AD-2,AE-1,AB0,CC-1
AB:AB0,AA-1,AD-3,CC-2,AE-2
AD:AD0,AE1,AB2,AA1,CC1
AE:AE0,AB1,AA0,AD-2,CC-1
CC:CC0,AB0,AA-1,AD-3,AE-2
-----
AA:AA0,AD-2,AE-1,AB0,CC-1
AB:AB0,AA-1,AD-3,CC-2,AE-2
AD:AD0,AE1,AB2,AA1,CC0
AE:AE0,AB1,AA0,AD-2,CC-1
CC:CC0,AB0,AA-1,AD-3,AE-2
-----
AA:AA0,AD-2,AE-1,AB0,CC-2
AB:AB0,AA-1,AD-3,CC-3,AE-2
AD:AD0,AE1,AB2,AA1,CC0
AE:AE0,AB1,AA0,AD-2,CC-2
CC:CC0,AB0,AA-1,AD-3,AE-2
-----
AA:AA0,AD-2,AE-1,AB0,CC-2
AB:AB0,AA-1,AD-3,CC-3,AE-2
AD:AD0,AE1,AB2,AA1,CC-1
AE:AE0,AB1,AA0,AD-2,CC-2
CC:CC0,AB0,AA-1,AD-3,AE-2
-----
AA:AA0,AD-2,AE-1,AB0,CC-3
AB:AB0,AA-1,AD-3,CC-4,AE-2
AD:AD0,AE1,AB2,AA1,CC-1
AE:AE0,AB1,AA0,AD-2,CC-3
CC:CC0,AB0,AA-1,AD-3,AE-2
-----
AA:AA0,AD-2,AE-1,AB0,CC-3
AB:AB0,AA-1,AD-3,CC-4,AE-2
AD:AD0,AE1,AB2,AA1,CC-2
AE:AE0,AB1,AA0,AD-2,CC-3
CC:CC0,AB0,AA-1,AD-3,AE-2
-----
AA:AA0,AD-2,AE-1,AB0,CC-4
AB:AB0,AA-1,AD-3,CC-5,AE-2
AD:AD0,AE1,AB2,AA1,CC-2
AE:AE0,AB1,AA0,AD-2,CC-4
CC:CC0,AB0,AA-1,AD-3,AE-2
-----
AA:AA0,AD-2,AE-1,AB0,CC-4
AB:AB0,AA-1,AD-3,CC-5,AE-2
AD:AD0,AE1,AB2,AA1,CC-3
AE:AE0,AB1,AA0,AD-2,CC-4
CC:CC0,AB0,AA-1,AD-3,AE-2
-----
AA:AA0,AD-2,AE-1,AB0,CC-5
AB:AB0,AA-1,AD-3,CC-6,AE-2
AD:AD0,AE1,AB2,AA1,CC-3
AE:AE0,AB1,AA0,AD-2,CC-5
CC:CC0,AB0,AA-1,AD-3,AE-2
-----
AA:AA0,AD-2,AE-1,AB0,CC-5
AB:AB0,AA-1,AD-3,CC-6,AE-2
AD:AD0,AE1,AB2,AA1,CC-4
AE:AE0,AB1,AA0,AD-2,CC-5
CC:CC0,AB0,AA-1,AD-3,AE-2
-----
AA:AA0,AD-2,AE-1,AB0,CC-6
AB:AB0,AA-1,AD-3,CC-7,AE-2
AD:AD0,AE1,AB2,AA1,CC-4
AE:AE0,AB1,AA0,AD-2,CC-6
CC:CC0,AB0,AA-1,AD-3,AE-2
-----
AA:AA0,AD-2,AE-1,AB0,CC-6
AB:AB0,AA-1,AD-3,CC-7,AE-2
AD:AD0,AE1,AB2,AA1,CC-5
AE:AE0,AB1,AA0,AD-2,CC-6
CC:CC0,AB0,AA-1,AD-3,AE-2
-----
AA:AA0,AD-2,AE-1,AB0,CC-7
AB:AB0,AA-1,AD-3,CC-8,AE-2
AD:AD0,AE1,AB2,AA1,CC-5
AE:AE0,AB1,AA0,AD-2,CC-7
CC:CC0,AB0,AA-1,AD-3,AE-2
-----
AA:AA0,AD-2,AE-1,AB0,CC-7
AB:AB0,AA-1,AD-3,CC-8,AE-2
AD:AD0,AE1,AB2,AA1,CC-6
AE:AE0,AB1,AA0,AD-2,CC-7
CC:CC0,AB0,AA-1,AD-3,AE-2
-----
AA:AA0,AD-2,AE-1,AB0,CC-8
AB:AB0,AA-1,AD-3,CC-9,AE-2
AD:AD0,AE1,AB2,AA1,CC-6
AE:AE0,AB1,AA0,AD-2,CC-8
CC:CC0,AB0,AA-1,AD-3,AE-2
-----
AA:AA0,AD-2,AE-1,AB0,CC-8
AB:AB0,AA-1,AD-3,CC-9,AE-2
AD:AD0,AE1,AB2,AA1,CC-7
AE:AE0,AB1,AA0,AD-2,CC-8
CC:CC0,AB0,AA-1,AD-3,AE-2
-----
AA:AA0,AD-2,AE-1,AB0,CC-9
AB:AB0,AA-1,AD-3,CC-10,AE-2
AD:AD0,AE1,AB2,AA1,CC-7
AE:AE0,AB1,AA0,AD-2,CC-9
CC:CC0,AB0,AA-1,AD-3,AE-2
-----
AA:AA0,AD-2,AE-1,AB0,CC-9
AB:AB0,AA-1,AD-3,CC-10,AE-2
AD:AD0,AE1,AB2,AA1,CC-8
AE:AE0,AB1,AA0,AD-2,CC-9
CC:CC0,AB0,AA-1,AD-3,AE-2
-----
AA:AA0,AD-2,AE-1,AB0,CC-10
AB:AB0,AA-1,AD-3,CC-11,AE-2
AD:AD0,AE1,AB2,AA1,CC-8
AE:AE0,AB1,AA0,AD-2,CC-10
CC:CC0,AB0,AA-1,AD-3,AE-2
-----
AA:AA0,AD-2,AE-1,AB0,CC-10
AB:AB0,AA-1,AD-3,CC-11,AE-2
AD:AD0,AE1,AB2,AA1,CC-9
AE:AE0,AB1,AA0,AD-2,CC-10
CC:CC0,AB0,AA-1,AD-3,AE-2
-----
AA:AA0,AD-2,AE-1,AB0,CC-11
AB:AB0,AA-1,AD-3,CC-12,AE-2
AD:AD0,AE1,AB2,AA1,CC-9
AE:AE0,AB1,AA0,AD-2,CC-11
CC:CC0,AB0,AA-1,AD-3,AE-2
-----
AA:AA0,AD-2,AE-1,AB0,CC-11
AB:AB0,AA-1,AD-3,CC-12,AE-2
AD:AD0,AE1,AB2,AA1,CC-10
AE:AE0,AB1,AA0,AD-2,CC-11
CC:CC0,AB0,AA-1,AD-3,AE-2
-----
AA:AA0,AD-2,AE-1,AB0,CC-12
AB:AB0,AA-1,AD-3,CC-13,AE-2
AD:AD0,AE1,AB2,AA1,CC-10
AE:AE0,AB1,AA0,AD-2,CC-12
CC:CC0,AB0,AA-1,AD-3,AE-2
-----
AA:AA0,AD-2,AE-1,AB0,CC-12
AB:AB0,AA-1,AD-3,CC-13,AE-2
AD:AD0,AE1,AB2,AA1,CC-11
AE:AE0,AB1,AA0,AD-2,CC-12
CC:CC0,AB0,AA-1,AD-3,AE-2
-----
AA:AA0,AD-2,AE-1,AB0,CC-13
AB:AB0,AA-1,AD-3,CC-14,AE-2
AD:AD0,AE1,AB2,AA1,CC-11
AE:AE0,AB1,AA0,AD-2,CC-13
CC:CC0,AB0,AA-1,AD-3,AE-2
-----
AA:AA0,AD-2,AE-1,AB0,CC-13
AB:AB0,AA-1,AD-3,CC-14,AE-2
AD:AD0,AE1,AB2,AA1,CC-12
AE:AE0,AB1,AA0,AD-2,CC-13
CC:CC0,AB0,AA-1,AD-3,AE-2
-----
AA:AA0,AD-2,AE-1,AB0,CC-14
AB:AB0,AA-1,AD-3,CC-15,AE-2
AD:AD0,AE1,AB2,AA1,CC-12
AE:AE0,AB1,AA0,AD-2,CC-14
CC:CC0,AB0,AA-1,AD-3,AE-2
-----
AA:AA0,AD-2,AE-1,AB0,CC-14
AB:AB0,AA-1,AD-3,CC-15,AE-2
AD:AD0,AE1,AB2,AA1,CC-13
AE:AE0,AB1,AA0,AD-2,CC-14
CC:CC0,AB0,AA-1,AD-3,AE-2
-----
AA:AA0,AD-2,AE-1,AB0,CC-15
AB:AB0,AA-1,AD-3,CC-16,AE-2
AD:AD0,AE1,AB2,AA1,CC-13
AE:AE0,AB1,AA0,AD-2,CC-15
CC:CC0,AB0,AA-1,AD-3,AE-2
-----
AA:AA0,AD-2,AE-1,AB0,CC-15
AB:AB0,AA-1,AD-3,CC-16,AE-2
AD:AD0,AE1,AB2,AA1,CC-14
AE:AE0,AB1,AA0,AD-2,CC-15
CC:CC0,AB0,AA-1,AD-3,AE-2
-----
AA:AA0,AD-2,AE-1,AB0,CC-16
AB:AB0,AA-1,AD-3,CC-17,AE-2
AD:AD0,AE1,AB2,AA1,CC-14
AE:AE0,AB1,AA0,AD-2,CC-16
CC:CC0,AB0,AA-1,AD-3,AE-2
-----
AA:AA0,AD-2,AE-1,AB0,CC-16
AB:AB0,AA-1,AD-3,CC-17,AE-2
AD:AD0,AE1,AB2,AA1,CC-15
AE:AE0,AB1,AA0,AD-2,CC-16
CC:CC0,AB0,AA-1,AD-3,AE-2
-----
AA:AA0,AD-2,AE-1,AB0,CC-17
AB:AB0,AA-1,AD-3,CC-18,AE-2
AD:AD0,AE1,AB2,AA1,CC-15
AE:AE0,AB1,AA0,AD-2,CC-17
CC:CC0,AB0,AA-1,AD-3,AE-2
-----
AA:AA0,AD-2,AE-1,AB0,CC-17
AB:AB0,AA-1,AD-3,CC-18,AE-2
AD:AD0,AE1,AB2,AA1,CC-16
AE:AE0,AB1,AA0,AD-2,CC-17
CC:CC0,AB0,AA-1,AD-3,AE-2
-----
AA:AA0,AD-2,AE-1,AB0,CC-18
AB:AB0,AA-1,AD-3,CC-19,AE-2
AD:AD0,AE1,AB2,AA1,CC-16
AE:AE0,AB1,AA0,AD-2,CC-18
CC:CC0,AB0,AA-1,AD-3,AE-2
-----
AA:AA0,AD-2,AE-1,AB0,CC-18
AB:AB0,AA-1,AD-3,CC-19,AE-2
AD:AD0,AE1,AB2,AA1,CC-17
AE:AE0,AB1,AA0,AD-2,CC-18
CC:CC0,AB0,AA-1,AD-3,AE-2
-----
AA:AA0,AD-2,AE-1,AB0,CC-19
AB:AB0,AA-1,AD-3,CC-20,AE-2
AD:AD0,AE1,AB2,AA1,CC-17
AE:AE0,AB1,AA0,AD-2,CC-19
CC:CC0,AB0,AA-1,AD-3,AE-2
-----
AA:AA0,AD-2,AE-1,AB0,CC-19
AB:AB0,AA-1,AD-3,CC-20,AE-2
AD:AD0,AE1,AB2,AA1,CC-18
AE:AE0,AB1,AA0,AD-2,CC-19
CC:CC0,AB0,AA-1,AD-3,AE-2
-----
AA:AA0,AD-2,AE-1,AB0,CC-20
AB:AB0,AA-1,AD-3,CC-21,AE-2
AD:AD0,AE1,AB2,AA1,CC-18
AE:AE0,AB1,AA0,AD-2,CC-20
CC:CC0,AB0,AA-1,AD-3,AE-2
-----
AA:AA0,AD-2,AE-1,AB0,CC-20
AB:AB0,AA-1,AD-3,CC-21,AE-2
AD:AD0,AE1,AB2,AA1,CC-19
AE:AE0,AB1,AA0,AD-2,CC-20
CC:CC0,AB0,AA-1,AD-3,AE-2
-----
AA:AA0,AD-2,AE-1,AB0,CC-21
AB:AB0,AA-1,AD-3,CC-22,AE-2
AD:AD0,AE1,AB2,AA1,CC-19
AE:AE0,AB1,AA0,AD-2,CC-21
CC:CC0,AB0,AA-1,AD-3,AE-2
-----
AA:AA0,AD-2,AE-1,AB0,CC-21
AB:AB0,AA-1,AD-3,CC-22,AE-2
AD:AD0,AE1,AB2,AA1,CC-20
AE:AE0,AB1,AA0,AD-2,CC-21
CC:CC0,AB0,AA-1,AD-3,AE-2
-----
AA:AA0,AD-2,AE-1,AB0,CC-22
AB:AB0,AA-1,AD-3,CC-23,AE-2
AD:AD0,AE1,AB2,AA1,CC-20
AE:AE0,AB1,AA0,AD-2,CC-22
CC:CC0,AB0,AA-1,AD-3,AE-2
-----
AA:AA0,AD-2,AE-1,AB0,CC-22
AB:AB0,AA-1,AD-3,CC-23,AE-2
AD:AD0,AE1,AB2,AA1,CC-21
AE:AE0,AB1,AA0,AD-2,CC-22
CC:CC0,AB0,AA-1,AD-3,AE-2
-----
AA:AA0,AD-2,AE-1,AB0,CC-23
AB:AB0,AA-1,AD-3,CC-24,AE-2
AD:AD0,AE1,AB2,AA1,CC-21
AE:AE0,AB1,AA0,AD-2,CC-23
CC:CC0,AB0,AA-1,AD-3,AE-2
-----
AA:AA0,AD-2,AE-1,AB0,CC-23
AB:AB0,AA-1,AD-3,CC-24,AE-2
AD:AD0,AE1,AB2,AA1,CC-22
AE:AE0,AB1,AA0,AD-2,CC-23
CC:CC0,AB0,AA-1,AD-3,AE-2
-----
AA:AA0,AD-2,AE-1,AB0,CC-24
AB:AB0,AA-1,AD-3,CC-25,AE-2
AD:AD0,AE1,AB2,AA1,CC-22
AE:AE0,AB1,AA0,AD-2,CC-24
CC:CC0,AB0,AA-1,AD-3,AE-2
-----
AA:AA0,AD-2,AE-1,AB0,CC-24
AB:AB0,AA-1,AD-3,CC-25,AE-2
AD:AD0,AE1,AB2,AA1,CC-23
AE:AE0,AB1,AA0,AD-2,CC-24
CC:CC0,AB0,AA-1,AD-3,AE-2
-----
AA:AA0,AD-2,AE-1,AB0,CC-25
AB:AB0,AA-1,AD-3,CC-26,AE-2
AD:AD0,AE1,AB2,AA1,CC-23
AE:AE0,AB1,AA0,AD-2,CC-25
CC:CC0,AB0,AA-1,AD-3,AE-2
-----
AA:AA0,AD-2,AE-1,AB0,CC-25
AB:AB0,AA-1,AD-3,CC-26,AE-2
AD:AD0,AE1,AB2,AA1,CC-24
AE:AE0,AB1,AA0,AD-2,CC-25
CC:CC0,AB0,AA-1,AD-3,AE-2
-----
AA:AA0,AD-2,AE-1,AB0,CC-26
AB:AB0,AA-1,AD-3,CC-27,AE-2
AD:AD0,AE1,AB2,AA1,CC-24
AE:AE0,AB1,AA0,AD-2,CC-26
CC:CC0,AB0,AA-1,AD-3,AE-2
-----
AA:AA0,AD-2,AE-1,AB0,CC-26
AB:AB0,AA-1,AD-3,CC-27,AE-2
AD:AD0,AE1,AB2,AA1,CC-25
AE:AE0,AB1,AA0,AD-2,CC-26
CC:CC0,AB0,AA-1,AD-3,AE-2
-----
AA:AA0,AD-2,AE-1,AB0,CC-27
AB:AB0,AA-1,AD-3,CC-28,AE-2
AD:AD0,AE1,AB2,AA1,CC-25
AE:AE0,AB1,AA0,AD-2,CC-27
CC:CC0,AB0,AA-1,AD-3,AE-2
-----
AA:AA0,AD-2,AE-1,AB0,CC-27
AB:AB0,AA-1,AD-3,CC-28,AE-2
AD:AD0,AE1,AB2,AA1,CC-26
AE:AE0,AB1,AA0,AD-2,CC-27
CC:CC0,AB0,AA-1,AD-3,AE-2
-----
AA:AA0,AD-2,AE-1,AB0,CC-28
AB:AB0,AA-1,AD-3,CC-29,AE-2
AD:AD0,AE1,AB2,AA1,CC-26
AE:AE0,AB1,AA0,AD-2,CC-28
CC:CC0,AB0,AA-1,AD-3,AE-2
-----
AA:AA0,AD-2,AE-1,AB0,CC-28
AB:AB0,AA-1,AD-3,CC-29,AE-2
AD:AD0,AE1,AB2,AA1,CC-27
AE:AE0,AB1,AA0,AD-2,CC-28
CC:CC0,AB0,AA-1,AD-3,AE-2
-----
AA:AA0,AD-2,AE-1,AB0,CC-29
AB:AB0,AA-1,AD-3,CC-30,AE-2
AD:AD0,AE1,AB2,AA1,CC-27
AE:AE0,AB1,AA0,AD-2,CC-29
CC:CC0,AB0,AA-1,AD-3,AE-2
-----
AA:AA0,AD-2,AE-1,AB0,CC-29
AB:AB0,AA-1,AD-3,CC-30,AE-2
AD:AD0,AE1,AB2,AA1,CC-28
AE:AE0,AB1,AA0,AD-2,CC-29
CC:CC0,AB0,AA-1,AD-3,AE-2
-----
AA:AA0,AD-2,AE-1,AB0,CC-30
AB:AB0,AA-1,AD-3,CC-31,AE-2
AD:AD0,AE1,AB2,AA1,CC-28
AE:AE0,AB1,AA0,AD-2,CC-30
CC:CC0,AB0,AA-1,AD-3,AE-2
-----
AA:AA0,AD-2,AE-1,AB0,CC-30
AB:AB0,AA-1,AD-3,CC-31,AE-2
AD:AD0,AE1,AB2,AA1,CC-29
AE:AE0,AB1,AA0,AD-2,CC-30
CC:CC0,AB0,AA-1,AD-3,AE-2
-----
AA:AA0,AD-2,AE-1,AB0,CC-31
AB:AB0,AA-1,AD-3,CC-32,AE-2
AD:AD0,AE1,AB2,AA1,CC-29
AE:AE0,AB1,AA0,AD-2,CC-31
CC:CC0,AB0,AA-1,AD-3,AE-2
-----
AA:AA0,AD-2,AE-1,AB0,CC-31
AB:AB0,AA-1,AD-3,CC-32,AE-2
AD:AD0,AE1,AB2,AA1,CC-30
AE:AE0,AB1,AA0,AD-2,CC-31
CC:CC0,AB0,AA-1,AD-3,AE-2
-----
AA:AA0,AD-2,AE-1,AB0,CC-32
AB:AB0,AA-1,AD-3,CC-33,AE-2
AD:AD0,AE1,AB2,AA1,CC-30
AE:AE0,AB1,AA0,AD-2,CC-32
CC:CC0,AB0,AA-1,AD-3,AE-2
-----
AA:AA0,AD-2,AE-1,AB0,CC-32
AB:AB0,AA-1,AD-3,CC-33,AE-2
AD:AD0,AE1,AB2,AA1,CC-31
AE:AE0,AB1,AA0,AD-2,CC-32
CC:CC0,AB0,AA-1,AD-3,AE-2
-----
AA:AA0,AD-2,AE-1,AB0,CC-33
AB:AB0,AA-1,AD-3,CC-34,AE-2
AD:AD0,AE1,AB2,AA1,CC-31
AE:AE0,AB1,AA0,AD-2,CC-33
CC:CC0,AB0,AA-1,AD-3,AE-2
-----
AA:AA0,AD-2,AE-1,AB0,CC-33
AB:AB0,AA-1,AD-3,CC-34,AE-2
AD:AD0,AE1,AB2,AA1,CC-32
AE:AE0,AB1,AA0,AD-2,CC-33
CC:CC0,AB0,AA-1,AD-3,AE-2
-----
AA:AA0,AD-2,AE-1,AB0,CC-34
AB:AB0,AA-1,AD-3,CC-35,AE-2
AD:AD0,AE1,AB2,AA1,CC-32
AE:AE0,AB1,AA0,AD-2,CC-34
CC:CC0,AB0,AA-1,AD-3,AE-2
-----
AA:AA0,AD-2,AE-1,AB0,CC-34
AB:AB0,AA-1,AD-3,CC-35,AE-2
AD:AD0,AE1,AB2,AA1,CC-33
AE:AE0,AB1,AA0,AD-2,CC-34
CC:CC0,AB0,AA-1,AD-3,AE-2
-----
AA:AA0,AD-2,AE-1,AB0,CC-35
AB:AB0,AA-1,AD-3,CC-36,AE-2
AD:AD0,AE1,AB2,AA1,CC-33
AE:AE0,AB1,AA0,AD-2,CC-35
CC:CC0,AB0,AA-1,AD-3,AE-2
-----
AA:AA0,AD-2,AE-1,AB0,CC-35
AB:AB0,AA-1,AD-3,CC-36,AE-2
AD:AD0,AE1,AB2,AA1,CC-34
AE:AE0,AB1,AA0,AD-2,CC-35
CC:CC0,AB0,AA-1,AD-3,AE-2
-----
AA:AA0,AD-2,AE-1,AB0,CC-36
AB:AB0,AA-1,AD-3,CC-37,AE-2
AD:AD0,AE1,AB2,AA1,CC-34
AE:AE0,AB1,AA0,AD-2,CC-36
CC:CC0,AB0,AA-1,AD-3,AE-2
-----
AA:AA0,AD-2,AE-1,AB0,CC-36
AB:AB0,AA-1,AD-3,CC-37,AE-2
AD:AD0,AE1,AB2,AA1,CC-35
AE:AE0,AB1,AA0,AD-2,CC-36
CC:CC0,AB0,AA-1,AD-3,AE-2
-----
AA:AA0,AD-2,AE-1,AB0,CC-37
AB:AB0,AA-1,AD-3,CC-38,AE-2
AD:AD0,AE1,AB2,AA1,CC-35
AE:AE0,AB1,AA0,AD-2,CC-37
CC:CC0,AB0,AA-1,AD-3,AE-2
-----
AA:AA0,AD-2,AE-1,AB0,CC-37
AB:AB0,AA-1,AD-3,CC-38,AE-2
AD:AD0,AE1,AB2,AA1,CC-36
AE:AE0,AB1,AA0,AD-2,CC-37
CC:CC0,AB0,AA-1,AD-3,AE-2
-----
AA:AA0,AD-2,AE-1,AB0,CC-38
AB:AB0,AA-1,AD-3,CC-39,AE-2
AD:AD0,AE1,AB2,AA1,CC-36
AE:AE0,AB1,AA0,AD-2,CC-38
CC:CC0,AB0,AA-1,AD-3,AE-2
-----
AA:AA0,AD-2,AE-1,AB0,CC-38
AB:AB0,AA-1,AD-3,CC-39,AE-2
AD:AD0,AE1,AB2,AA1,CC-37
AE:AE0,AB1,AA0,AD-2,CC-38
CC:CC0,AB0,AA-1,AD-3,AE-2
-----
AA:AA0,AD-2,AE-1,AB0,CC-39
AB:AB0,AA-1,AD-3,CC-40,AE-2
AD:AD0,AE1,AB2,AA1,CC-37
AE:AE0,AB1,AA0,AD-2,CC-39
CC:CC0,AB0,AA-1,AD-3,AE-2
-----
AA:AA0,AD-2,AE-1,AB0,CC-39
AB:AB0,AA-1,AD-3,CC-40,AE-2
AD:AD0,AE1,AB2,AA1,CC-38
AE:AE0,AB1,AA0,AD-2,CC-39
CC:CC0,AB0,AA-1,AD-3,AE-2
-----
AA:AA0,AD-2,AE-1,AB0,CC-40
AB:AB0,AA-1,AD-3,CC-41,AE-2
AD:AD0,AE1,AB2,AA1,CC-38
AE:AE0,AB1,AA0,AD-2,CC-40
CC:CC0,AB0,AA-1,AD-3,AE-2
-----
AA:AA0,AD-2,AE-1,AB0,CC-40
AB:AB0,AA-1,AD-3,CC-41,AE-2
AD:AD0,AE1,AB2,AA1,CC-39
AE:AE0,AB1,AA0,AD-2,CC-40
CC:CC0,AB0,AA-1,AD-3,AE-2
-----
AA:AA0,AD-2,AE-1,AB0,CC-41
AB:AB0,AA-1,AD-3,CC-42,AE-2
AD:AD0,AE1,AB2,AA1,CC-39
AE:AE0,AB1,AA0,AD-2,CC-41
CC:CC0,AB0,AA-1,AD-3,AE-2
-----
AA:AA0,AD-2,AE-1,AB0,CC-41
AB:AB0,AA-1,AD-3,CC-42,AE-2
AD:AD0,AE1,AB2,AA1,CC-40
AE:AE0,AB1,AA0,AD-2,CC-41
CC:CC0,AB0,AA-1,AD-3,AE-2
-----
AA:AA0,AD-2,AE-1,AB0,CC-42
AB:AB0,AA-1,AD-3,CC-43,AE-2
AD:AD0,AE1,AB2,AA1,CC-40
AE:AE0,AB1,AA0,AD-2,CC-42
CC:CC0,AB0,AA-1,AD-3,AE-2
-----
AA:AA0,AD-2,AE-1,AB0,CC-42
AB:AB0,AA-1,AD-3,CC-43,AE-2
AD:AD0,AE1,AB2,AA1,CC-41
AE:AE0,AB1,AA0,AD-2,CC-42
CC:CC0,AB0,AA-1,AD-3,AE-2
-----
AA:AA0,AD-2,AE-1,AB0,CC-43
AB:AB0,AA-1,AD-3,CC-44,AE-2
AD:AD0,AE1,AB2,AA1,CC-41
AE:AE0,AB1,AA0,AD-2,CC-43
CC:CC0,AB0,AA-1,AD-3,AE-2
-----
AA:AA0,AD-2,AE-1,AB0,CC-43
AB:AB0,AA-1,AD-3,CC-44,AE-2
AD:AD0,AE1,AB2,AA1,CC-42
AE:AE0,AB1,AA0,AD-2,CC-43
CC:CC0,AB0,AA-1,AD-3,AE-2
-----
AA:AA0,AD-2,AE-1,AB0,CC-44
AB:AB0,AA-1,AD-3,CC-45,AE-2
AD:AD0,AE1,AB2,AA1,CC-42
AE:AE0,AB1,AA0,AD-2,CC-44
CC:CC0,AB0,AA-1,AD-3,AE-2
-----
AA:AA0,AD-2,AE-1,AB0,CC-44
AB:AB0,AA-1,AD-3,CC-45,AE-2
AD:AD0,AE1,AB2,AA1,CC-43
AE:AE0,AB1,AA0,AD-2,CC-44
CC:CC0,AB0,AA-1,AD-3,AE-2
-----
AA:AA0,AD-2,AE-1,AB0,CC-45
AB:AB0,AA-1,AD-3,CC-46,AE-2
AD:AD0,AE1,AB2,AA1,CC-43
AE:AE0,AB1,AA0,AD-2,CC-45
CC:CC0,AB0,AA-1,AD-3,AE-2
-----
AA:AA0,AD-2,AE-1,AB0,CC-45
AB:AB0,AA-1,AD-3,CC-46,AE-2
AD:AD0,AE1,AB2,AA1,CC-44
AE:AE0,AB1,AA0,AD-2,CC-45
CC:CC0,AB0,AA-1,AD-3,AE-2
-----
AA:AA0,AD-2,AE-1,AB0,CC-46
AB:AB0,AA-1,AD-3,CC-47,AE-2
AD:AD0,AE1,AB2,AA1,CC-44
AE:AE0,AB1,AA0,AD-2,CC-46
CC:CC0,AB0,AA-1,AD-3,AE-2
-----
AA:AA0,AD-2,AE-1,AB0,CC-46
AB:AB0,AA-1,AD-3,CC-47,AE-2
AD:AD0,AE1,AB2,AA1,CC-45
AE:AE0,AB1,AA0,AD-2,CC-46
CC:CC0,AB0,AA-1,AD-3,AE-2
-----
AA:AA0,AD-2,AE-1,AB0,CC-47
AB:AB0,AA-1,AD-3,CC-48,AE-2
AD:AD0,AE1,AB2,AA1,CC-45
AE:AE0,AB1,AA0,AD-2,CC-47
CC:CC0,AB0,AA-1,AD-3,AE-2
-----
AA:AA0,AD-2,AE-1,AB0,CC-47
AB:AB0,AA-1,AD-3,CC-48,AE-2
AD:AD0,AE1,AB2,AA1,CC-46
AE:AE0,AB1,AA0,AD-2,CC-47
CC:CC0,AB0,AA-1,AD-3,AE-2
-----
AA:AA0,AD-2,AE-1,AB0,CC-48
AB:AB0,AA-1,AD-3,CC-49,AE-2
AD:AD0,AE1,AB2,AA1,CC-46
AE:AE0,AB1,AA0,AD-2,CC-48
CC:CC0,AB0,AA-1,AD-3,AE-2
-----
AA:AA0,AD-2,AE-1,AB0,CC-48
AB:AB0,AA-1,AD-3,CC-49,AE-2
AD:AD0,AE1,AB2,AA1,CC-47
AE:AE0,AB1,AA0,AD-2,CC-48
CC:CC0,AB0,AA-1,AD-3,AE-2
-----
AA:AA0,AD-2,AE-1,AB0,CC-49
AB:AB0,AA-1,AD-3,CC-50,AE-2
AD:AD0,AE1,AB2,AA1,CC-47
AE:AE0,AB1,AA0,AD-2,CC-49
CC:CC0,AB0,AA-1,AD-3,AE-2
-----
AA:AA0,AD-2,AE-1,AB0,CC-49
AB:AB0,AA-1,AD-3,CC-50,AE-2
AD:AD0,AE1,AB2,AA1,CC-48
AE:AE0,AB1,AA0,AD-2,CC-49
CC:CC0,AB0,AA-1,AD-3,AE-2
-----
AA:AA0,AD-2,AE-1,AB0,CC-50
AB:AB0,AA-1,AD-3,CC-51,AE-2
AD:AD0,AE1,AB2,AA1,CC-48
AE:AE0,AB1,AA0,AD-2,CC-50
CC:CC0,AB0,AA-1,AD-3,AE-2
-----
AA:AA0,AD-2,AE-1,AB0,CC-50
AB:AB0,AA-1,AD-3,CC-51,AE-2
AD:AD0,AE1,AB2,AA1,CC-49
AE:AE0,AB1,AA0,AD-2,CC-50
CC:CC0,AB0,AA-1,AD-3,AE-2
-----
AA:AA0,AD-2,AE-1,AB0,CC-51
AB:AB0,AA-1,AD-3,CC-52,AE-2
AD:AD0,AE1,AB2,AA1,CC-49
AE:AE0,AB1,AA0,AD-2,CC-51
CC:CC0,AB0,AA-1,AD-3,AE-2
-----
AA:AA0,AD-2,AE-1,AB0,CC-51
AB:AB0,AA-1,AD-3,CC-52,AE-2
AD:AD0,AE1,AB2,AA1,CC-50
AE:AE0,AB1,AA0,AD-2,CC-51
CC:CC0,AB0,AA-1,AD-3,AE-2
-----
AA:AA0,AD-2,AE-1,AB0,CC-52
AB:AB0,AA-1,AD-3,CC-53,AE-2
AD:AD0,AE1,AB2,AA1,CC-50
AE:AE0,AB1,AA0,AD-2,CC-52
CC:CC0,AB0,AA-1,AD-3,AE-2
-----
AA:AA0,AD-2,AE-1,AB0,CC-52
AB:AB0,AA-1,AD-3,CC-53,AE-2
AD:AD0,AE1,AB2,AA1,CC-51
AE:AE0,AB1,AA0,AD-2,CC-52
CC:CC0,AB0,AA-1,AD-3,AE-2
-----
AA:AA0,AD-2,AE-1,AB0,CC-53
AB:AB0,AA-1,AD-3,CC-54,AE-2
AD:AD0,AE1,AB2,AA1,CC-51
AE:AE0,AB1,AA0,AD-2,CC-53
CC:CC0,AB0,AA-1,AD-3,AE-2
-----
AA:AA0,AD-2,AE-1,AB0,CC-53
AB:AB0,AA-1,AD-3,CC-54,AE-2
AD:AD0,AE1,AB2,AA1,CC-52
AE:AE0,AB1,AA0,AD-2,CC-53
CC:CC0,AB0,AA-1,AD-3,AE-2
-----
AA:AA0,AD-2,AE-1,AB0,CC-54
AB:AB0,AA-1,AD-3,CC-55,AE-2
AD:AD0,AE1,AB2,AA1,CC-52
AE:AE0,AB1,AA0,AD-2,CC-54
CC:CC0,AB0,AA-1,AD-3,AE-2
-----
AA:AA0,AD-2,AE-1,AB0,CC-54
AB:AB0,AA-1,AD-3,CC-55,AE-2
AD:AD0,AE1,AB2,AA1,CC-53
AE:AE0,AB1,AA0,AD-2,CC-54
CC:CC0,AB0,AA-1,AD-3,AE-2
-----
AA:AA0,AD-2,AE-1,AB0,CC-55
AB:AB0,AA-1,AD-3,CC-56,AE-2
AD:AD0,AE1,AB2,AA1,CC-53
AE:AE0,AB1,AA0,AD-2,CC-55
CC:CC0,AB0,AA-1,AD-3,AE-2
-----
AA:AA0,AD-2,AE-1,AB0,CC-55
AB:AB0,AA-1,AD-3,CC-56,AE-2
AD:AD0,AE1,AB2,AA1,CC-54
AE:AE0,AB1,AA0,AD-2,CC-55
CC:CC0,AB0,AA-1,AD-3,AE-2
-----
AA:AA0,AD-2,AE-1,AB0,CC-56
AB:AB0,AA-1,AD-3,CC-57,AE-2
AD:AD0,AE1,AB2,AA1,CC-54
AE:AE0,AB1,AA0,AD-2,CC-56
CC:CC0,AB0,AA-1,AD-3,AE-2
-----
AA:AA0,AD-2,AE-1,AB0,CC-56
AB:AB0,AA-1,AD-3,CC-57,AE-2
AD:AD0,AE1,AB2,AA1,CC-55
AE:AE0,AB1,AA0,AD-2,CC-56
CC:CC0,AB0,AA-1,AD-3,AE-2
-----
AA:AA0,AD-2,AE-1,AB0,CC-57
AB:AB0,AA-1,AD-3,CC-58,AE-2
AD:AD0,AE1,AB2,AA1,CC-55
AE:AE0,AB1,AA0,AD-2,CC-57
CC:CC0,AB0,AA-1,AD-3,AE-2
-----
AA:AA0,AD-2,AE-1,AB0,CC-57
AB:AB0,AA-1,AD-3,CC-58,AE-2
AD:AD0,AE1,AB2,AA1,CC-56
AE:AE0,AB1,AA0,AD-2,CC-57
CC:CC0,AB0,AA-1,AD-3,AE-2
-----
AA:AA0,AD-2,AE-1,AB0,CC-58
AB:AB0,AA-1,AD-3,CC-59,AE-2
AD:AD0,AE1,AB2,AA1,CC-56
AE:AE0,AB1,AA0,AD-2,CC-58
CC:CC0,AB0,AA-1,AD-3,AE-2
-----
AA:AA0,AD-2,AE-1,AB0,CC-58
AB:AB0,AA-1,AD-3,CC-59,AE-2
AD:AD0,AE1,AB2,AA1,CC-57
AE:AE0,AB1,AA0,AD-2,CC-58
CC:CC0,AB0,AA-1,AD-3,AE-2
-----
AA:AA0,AD-2,AE-1,AB0,CC-59
AB:AB0,AA-1,AD-3,CC-60,AE-2
AD:AD0,AE1,AB2,AA1,CC-57
AE:AE0,AB1,AA0,AD-2,CC-59
CC:CC0,AB0,AA-1,AD-3,AE-2
-----
AA:AA0,AD-2,AE-1,AB0,CC-59
AB:AB0,AA-1,AD-3,CC-60,AE-2
AD:AD0,AE1,AB2,AA1,CC-58
AE:AE0,AB1,AA0,AD-2,CC-59
CC:CC0,AB0,AA-1,AD-3,AE-2
-----
AA:AA0,AD-2,AE-1,AB0,CC-60
AB:AB0,AA-1,AD-3,CC-61,AE-2
AD:AD0,AE1,AB2,AA1,CC-58
AE:AE0,AB1,AA0,AD-2,CC-60
CC:CC0,AB0,AA-1,AD-3,AE-2
-----
AA:AA0,AD-2,AE-1,AB0,CC-60
AB:AB0,AA-1,AD-3,CC-61,AE-2
AD:AD0,AE1,AB2,AA1,CC-59
AE:AE0,AB1,AA0,AD-2,CC-60
CC:CC0,AB0,AA-1,AD-3,AE-2
-----
AA:AA0,AD-2,AE-1,AB0,CC-61
AB:AB0,AA-1,AD-3,CC-62,AE-2
AD:AD0,AE1,AB2,AA1,CC-59
AE:AE0,AB1,AA0,AD-2,CC-61
CC:CC0,AB0,AA-1,AD-3,AE-2
-----
AA:AA0,AD-2,AE-1,AB0,CC-61
AB:AB0,AA-1,AD-3,CC-62,AE-2
AD:AD0,AE1,AB2,AA1,CC-60
AE:AE0,AB1,AA0,AD-2,CC-61
CC:CC0,AB0,AA-1,AD-3,AE-2
-----
AA:AA0,AD-2,AE-1,AB0,CC-62
AB:AB0,AA-1,AD-3,CC-63,AE-2
AD:AD0,AE1,AB2,AA1,CC-60
AE:AE0,AB1,AA0,AD-2,CC-62
CC:CC0,AB0,AA-1,AD-3,AE-2
-----
AA:AA0,AD-2,AE-1,AB0,CC-62
AB:AB0,AA-1,AD-3,CC-63,AE-2
AD:AD0,AE1,AB2,AA1,CC-61
AE:AE0,AB1,AA0,AD-2,CC-62
CC:CC0,AB0,AA-1,AD-3,AE-2
-----
AA:AA0,AD-2,AE-1,AB0,CC-63
AB:AB0,AA-1,AD-3,CC-64,AE-2
AD:AD0,AE1,AB2,AA1,CC-61
AE:AE0,AB1,AA0,AD-2,CC-63
CC:CC0,AB0,AA-1,AD-3,AE-2
-----
AA:AA0,AD-2,AE-1,AB0,CC-63
AB:AB0,AA-1,AD-3,CC-64,AE-2
AD:AD0,AE1,AB2,AA1,CC-62
AE:AE0,AB1,AA0,AD-2,CC-63
CC:CC0,AB0,AA-1,AD-3,AE-2
-----
AA:AA0,AD-2,AE-1,AB0,CC-64
AB:AB0,AA-1,AD-3,CC-65,AE-2
AD:AD0,AE1,AB2,AA1,CC-62
AE:AE0,AB1,AA0,AD-2,CC-64
CC:CC0,AB0,AA-1,AD-3,AE-2
-----
AA:AA0,AD-2,AE-1,AB0,CC-64
AB:AB0,AA-1,AD-3,CC-65,AE-2
AD:AD0,AE1,AB2,AA1,CC-63
AE:AE0,AB1,AA0,AD-2,CC-64
CC:CC0,AB0,AA-1,AD-3,AE-2
-----
AA:AA0,AD-2,AE-1,AB0,CC-65
AB:AB0,AA-1,AD-3,CC-66,AE-2
AD:AD0,AE1,AB2,AA1,CC-63
AE:AE0,AB1,AA0,AD-2,CC-65
CC:CC0,AB0,AA-1,AD-3,AE-2
-----
AA:AA0,AD-2,AE-1,AB0,CC-65
AB:AB0,AA-1,AD-3,CC-66,AE-2
AD:AD0,AE1,AB2,AA1,CC-64
AE:AE0,AB1,AA0,AD-2,CC-65
CC:CC0,AB0,AA-1,AD-3,AE-2
-----
AA:AA0,AD-2,AE-1,AB0,CC-66
AB:AB0,AA-1,AD-3,CC-67,AE-2
AD:AD0,AE1,AB2,AA1,CC-64
AE:AE0,AB1,AA0,AD-2,CC-66
CC:CC0,AB0,AA-1,AD-3,AE-2
-----
AA:AA0,AD-2,AE-1,AB0,CC-66
AB:AB0,AA-1,AD-3,CC-67,AE-2
AD:AD0,AE1,AB2,AA1,CC-65
AE:AE0,AB1,AA0,AD-2,CC-66
CC:CC0,AB0,AA-1,AD-3,AE-2
-----
AA:AA0,AD-2,AE-1,AB0,CC-67
AB:AB0,AA-1,AD-3,CC-68,AE-2
AD:AD0,AE1,AB2,AA1,CC-65
AE:AE0,AB1,AA0,AD-2,CC-67
CC:CC0,AB0,AA-1,AD-3,AE-2
-----
AA:AA0,AD-2,AE-1,AB0,CC-67
AB:AB0,AA-1,AD-3,CC-68,AE-2
AD:AD0,AE1,AB2,AA1,CC-66
AE:AE0,AB1,AA0,AD-2,CC-67
CC:CC0,AB0,AA-1,AD-3,AE-2
-----
AA:AA0,AD-2,AE-1,AB0,CC-68
AB:AB0,AA-1,AD-3,CC-69,AE-2
AD:AD0,AE1,AB2,AA1,CC-66
AE:AE0,AB1,AA0,AD-2,CC-68
CC:CC0,AB0,AA-1,AD-3,AE-2
-----
AA:AA0,AD-2,AE-1,AB0,CC-68
AB:AB0,AA-1,AD-3,CC-69,AE-2
AD:AD0,AE1,AB2,AA1,CC-67
AE:AE0,AB1,AA0,AD-2,CC-68
CC:CC0,AB0,AA-1,AD-3,AE-2
-----
AA:AA0,AD-2,AE-1,AB0,CC-69
AB:AB0,AA-1,AD-3,CC-70,AE-2
AD:AD0,AE1,AB2,AA1,CC-67
AE:AE0,AB1,AA0,AD-2,CC-69
CC:CC0,AB0,AA-1,AD-3,AE-2
-----
AA:AA0,AD-2,AE-1,AB0,CC-69
AB:AB0,AA-1,AD-3,CC-70,AE-2
AD:AD0,AE1,AB2,AA1,CC-68
AE:AE0,AB1,AA0,AD-2,CC-69
CC:CC0,AB0,AA-1,AD-3,AE-2
-----
AA:AA0,AD-2,AE-1,AB0,CC-70
AB:AB0,AA-1,AD-3,CC-71,AE-2
AD:AD0,AE1,AB2,AA1,CC-68
AE:AE0,AB1,AA0,AD-2,CC-70
CC:CC0,AB0,AA-1,AD-3,AE-2
-----
AA:AA0,AD-2,AE-1,AB0,CC-70
AB:AB0,AA-1,AD-3,CC-71,AE-2
AD:AD0,AE1,AB2,AA1,CC-69
AE:AE0,AB1,AA0,AD-2,CC-70
CC:CC0,AB0,AA-1,AD-3,AE-2
-----
AA:AA0,AD-2,AE-1,AB0,CC-71
AB:AB0,AA-1,AD-3,CC-72,AE-2
AD:AD0,AE1,AB2,AA1,CC-69
AE:AE0,AB1,AA0,AD-2,CC-71
CC:CC0,AB0,AA-1,AD-3,AE-2
-----
AA:AA0,AD-2,AE-1,AB0,CC-71
AB:AB0,AA-1,AD-3,CC-72,AE-2
AD:AD0,AE1,AB2,AA1,CC-70
AE:AE0,AB1,AA0,AD-2,CC-71
CC:CC0,AB0,AA-1,AD-3,AE-2
-----
AA:AA0,AD-2,AE-1,AB0,CC-72
AB:AB0,AA-1,AD-3,CC-73,AE-2
AD:AD0,AE1,AB2,AA1,CC-70
AE:AE0,AB1,AA0,AD-2,CC-72
CC:CC0,AB0,AA-1,AD-3,AE-2
-----
AA:AA0,AD-2,AE-1,AB0,CC-72
AB:AB0,AA-1,AD-3,CC-73,AE-2
AD:AD0,AE1,AB2,AA1,CC-71
AE:AE0,AB1,AA0,AD-2,CC-72
CC:CC0,AB0,AA-1,AD-3,AE-2
-----
AA:AA0,AD-2,AE-1,AB0,CC-73
AB:AB0,AA-1,AD-3,CC-74,AE-2
AD:AD0,AE1,AB2,AA1,CC-71
AE:AE0,AB1,AA0,AD-2,CC-73
CC:CC0,AB0,AA-1,AD-3,AE-2
-----
AA:AA0,AD-2,AE-1,AB0,CC-73
AB:AB0,AA-1,AD-3,CC-74,AE-2
AD:AD0,AE1,AB2,AA1,CC-72
AE:AE0,AB1,AA0,AD-2,CC-73
CC:CC0,AB0,AA-1,AD-3,AE-2
-----
AA:AA0,AD-2,AE-1,AB0,CC-74
AB:AB0,AA-1,AD-3,CC-75,AE-2
AD:AD0,AE1,AB2,AA1,CC-72
AE:AE0,AB1,AA0,AD-2,CC-74
CC:CC0,AB0,AA-1,AD-3,AE-2
-----
AA:AA0,AD-2,AE-1,AB0,CC-74
AB:AB0,AA-1,AD-3,CC-75,AE-2
AD:AD0,AE1,AB2,AA1,CC-73
AE:AE0,AB1,AA0,AD-2,CC-74
CC:CC0,AB0,AA-1,AD-3,AE-2
-----
AA:AA0,AD-2,AE-1,AB0,CC-75
AB:AB0,AA-1,AD-3,CC-76,AE-2
AD:AD0,AE1,AB2,AA1,CC-73
AE:AE0,AB1,AA0,AD-2,CC-75
CC:CC0,AB0,AA-1,AD-3,AE-2
-----
AA:AA0,AD-2,AE-1,AB0,CC-75
AB:AB0,AA-1,AD-3,CC-76,AE-2
AD:AD0,AE1,AB2,AA1,CC-74
AE:AE0,AB1,AA0,AD-2,CC-75
CC:CC0,AB0,AA-1,AD-3,AE-2
-----
AA:AA0,AD-2,AE-1,AB0,CC-76
AB:AB0,AA-1,AD-3,CC-77,AE-2
AD:AD0,AE1,AB2,AA1,CC-74
AE:AE0,AB1,AA0,AD-2,CC-76
CC:CC0,AB0,AA-1,AD-3,AE-2
-----
AA:AA0,AD-2,AE-1,AB0,CC-76
AB:AB0,AA-1,AD-3,CC-77,AE-2
AD:AD0,AE1,AB2,AA1,CC-75
AE:AE0,AB1,AA0,AD-2,CC-76
CC:CC0,AB0,AA-1,AD-3,AE-2
-----
AA:AA0,AD-2,AE-1,AB0,CC-77
AB:AB0,AA-1,AD-3,CC-78,AE-2
AD:AD0,AE1,AB2,AA1,CC-75
AE:AE0,AB1,AA0,AD-2,CC-77
CC:CC0,AB0,AA-1,AD-3,AE-2
-----
AA:AA0,AD-2,AE-1,AB0,CC-77
AB:AB0,AA-1,AD-3,CC-78,AE-2
AD:AD0,AE1,AB2,AA1,CC-76
AE:AE0,AB1,AA0,AD-2,CC-77
CC:CC0,AB0,AA-1,AD-3,AE-2
-----
AA:AA0,AD-2,AE-1,AB0,CC-78
AB:AB0,AA-1,AD-3,CC-79,AE-2
AD:AD0,AE1,AB2,AA1,CC-76
AE:AE0,AB1,AA0,AD-2,CC-78
CC:CC0,AB0,AA-1,AD-3,AE-2
-----
AA:AA0,AD-2,AE-1,AB0,CC-78
AB:AB0,AA-1,AD-3,CC-79,AE-2
AD:AD0,AE1,AB2,AA1,CC-77
AE:AE0,AB1,AA0,AD-2,CC-78
CC:CC0,AB0,AA-1,AD-3,AE-2
-----
AA:AA0,AD-2,AE-1,AB0,CC-79
AB:AB0,AA-1,AD-3,CC-80,AE-2
AD:AD0,AE1,AB2,AA1,CC-77
AE:AE0,AB1,AA0,AD-2,CC-79
CC:CC0,AB0,AA-1,AD-3,AE-2
-----
AA:AA0,AD-2,AE-1,AB0,CC-79
AB:AB0,AA-1,AD-3,CC-80,AE-2
AD:AD0,AE1,AB2,AA1,CC-78
AE:AE0,AB1,AA0,AD-2,CC-79
CC:CC0,AB0,AA-1,AD-3,AE-2
-----
AA:AA0,AD-2,AE-1,AB0,CC-80
AB:AB0,AA-1,AD-3,CC-81,AE-2
AD:AD0,AE1,AB2,AA1,CC-78
AE:AE0,AB1,AA0,AD-2,CC-80
CC:CC0,AB0,AA-1,AD-3,AE-2
-----
AA:AA0,AD-2,AE-1,AB0,CC-80
AB:AB0,AA-1,AD-3,CC-81,AE-2
AD:AD0,AE1,AB2,AA1,CC-79
AE:AE0,AB1,AA0,AD-2,CC-80
CC:CC0,AB0,AA-1,AD-3,AE-2
-----
AA:AA0,AD-2,AE-1,AB0,CC-81
AB:AB0,AA-1,AD-3,CC-82,AE-2
AD:AD0,AE1,AB2,AA1,CC-79
AE:AE0,AB1,AA0,AD-2,CC-81
CC:CC0,AB0,AA-1,AD-3,AE-2
-----
AA:AA0,AD-2,AE-1,AB0,CC-81
AB:AB0,AA-1,AD-3,CC-82,AE-2
AD:AD0,AE1,AB2,AA1,CC-80
AE:AE0,AB1,AA0,AD-2,CC-81
CC:CC0,AB0,AA-1,AD-3,AE-2
-----
AA:AA0,AD-2,AE-1,AB0,CC-82
AB:AB0,AA-1,AD-3,CC-83,AE-2
AD:AD0,AE1,AB2,AA1,CC-80
AE:AE0,AB1,AA0,AD-2,CC-82
CC:CC0,AB0,AA-1,AD-3,AE-2
-----
AA:AA0,AD-2,AE-1,AB0,CC-82
AB:AB0,AA-1,AD-3,CC-83,AE-2
AD:AD0,AE1,AB2,AA1,CC-81
AE:AE0,AB1,AA0,AD-2,CC-82
CC:CC0,AB0,AA-1,AD-3,AE-2
-----
AA:AA0,AD-2,AE-1,AB0,CC-83
AB:AB0,AA-1,AD-3,CC-84,AE-2
AD:AD0,AE1,AB2,AA1,CC-81
AE:AE0,AB1,AA0,AD-2,CC-83
CC:CC0,AB0,AA-1,AD-3,AE-2
-----
AA:AA0,AD-2,AE-1,AB0,CC-83
AB:AB0,AA-1,AD-3,CC-84,AE-2
AD:AD0,AE1,AB2,AA1,CC-82
AE:AE0,AB1,AA0,AD-2,CC-83
CC:CC0,AB0,AA-1,AD-3,AE-2
-----
AA:AA0,AD-2,AE-1,AB0,CC-84
AB:AB0,AA-1,AD-3,CC-85,AE-2
AD:AD0,AE1,AB2,AA1,CC-82
AE:AE0,AB1,AA0,AD-2,CC-84
CC:CC0,AB0,AA-1,AD-3,AE-2
-----
AA:AA0,AD-2,AE-1,AB0,CC-84
AB:AB0,AA-1,AD-3,CC-85,AE-2
AD:AD0,AE1,AB2,AA1,CC-83
AE:AE0,AB1,AA0,AD-2,CC-84
CC:CC0,AB0,AA-1,AD-3,AE-2
-----
AA:AA0,AD-2,AE-1,AB0,CC-85
AB:AB0,AA-1,AD-3,CC-86,AE-2
AD:AD0,AE1,AB2,AA1,CC-83
AE:AE0,AB1,AA0,AD-2,CC-85
CC:CC0,AB0,AA-1,AD-3,AE-2
-----
AA:AA0,AD-2,AE-1,AB0,CC-85
AB:AB0,AA-1,AD-3,CC-86,AE-2
AD:AD0,AE1,AB2,AA1,CC-84
AE:AE0,AB1,AA0,AD-2,CC-85
CC:CC0,AB0,AA-1,AD-3,AE-2
-----
AA:AA0,AD-2,AE-1,AB0,CC-86
AB:AB0,AA-1,AD-3,CC-87,AE-2
AD:AD0,AE1,AB2,AA1,CC-84
AE:AE0,AB1,AA0,AD-2,CC-86
CC:CC0,AB0,AA-1,AD-3,AE-2
-----
AA:AA0,AD-2,AE-1,AB0,CC-86
AB:AB0,AA-1,AD-3,CC-87,AE-2
AD:AD0,AE1,AB2,AA1,CC-85
AE:AE0,AB1,AA0,AD-2,CC-86
CC:CC0,AB0,AA-1,AD-3,AE-2
-----
AA:AA0,AD-2,AE-1,AB0,CC-87
AB:AB0,AA-1,AD-3,CC-88,AE-2
AD:AD0,AE1,AB2,AA1,CC-85
AE:AE0,AB1,AA0,AD-2,CC-87
CC:CC0,AB0,AA-1,AD-3,AE-2
-----
AA:AA0,AD-2,AE-1,AB0,CC-87
AB:AB0,AA-1,AD-3,CC-88,AE-2
AD:AD0,AE1,AB2,AA1,CC-86
AE:AE0,AB1,AA0,AD-2,CC-87
CC:CC0,AB0,AA-1,AD-3,AE-2
-----
AA:AA0,AD-2,AE-1,AB0,CC-88
AB:AB0,AA-1,AD-3,CC-89,AE-2
AD:AD0,AE1,AB2,AA1,CC-86
AE:AE0,AB1,AA0,AD-2,CC-88
CC:CC0,AB0,AA-1,AD-3,AE-2
-----
AA:AA0,AD-2,AE-1,AB0,CC-88
AB:AB0,AA-1,AD-3,CC-89,AE-2
AD:AD0,AE1,AB2,AA1,CC-87
AE:AE0,AB1,AA0,AD-2,CC-88
CC:CC0,AB0,AA-1,AD-3,AE-2
-----
AA:AA0,AD-2,AE-1,AB0,CC-89
AB:AB0,AA-1,AD-3,CC-90,AE-2
AD:AD0,AE1,AB2,AA1,CC-87
AE:AE0,AB1,AA0,AD-2,CC-89
CC:CC0,AB0,AA-1,AD-3,AE-2
-----
AA:AA0,AD-2,AE-1,AB0,CC-89
AB:AB0,AA-1,AD-3,CC-90,AE-2
AD:AD0,AE1,AB2,AA1,CC-88
AE:AE0,AB1,AA0,AD-2,CC-89
CC:CC0,AB0,AA-1,AD-3,AE-2
-----
AA:AA0,AD-2,AE-1,AB0,CC-90
AB:AB0,AA-1,AD-3,CC-91,AE-2
AD:AD0,AE1,AB2,AA1,CC-88
AE:AE0,AB1,AA0,AD-2,CC-90
CC:CC0,AB0,AA-1,AD-3,AE-2
-----
AA:AA0,AD-2,AE-1,AB0,CC-90
AB:AB0,AA-1,AD-3,CC-91,AE-2
AD:AD0,AE1,AB2,AA1,CC-89
AE:AE0,AB1,AA0,AD-2,CC-90
CC:CC0,AB0,AA-1,AD-3,AE-2
-----
AA:AA0,AD-2,AE-1,AB0,CC-91
AB:AB0,AA-1,AD-3,CC-92,AE-2
AD:AD0,AE1,AB2,AA1,CC-89
AE:AE0,AB1,AA0,AD-2,CC-91
CC:CC0,AB0,AA-1,AD-3,AE-2
-----
AA:AA0,AD-2,AE-1,AB0,CC-91
AB:AB0,AA-1,AD-3,CC-92,AE-2
AD:AD0,AE1,AB2,AA1,CC-90
AE:AE0,AB1,AA0,AD-2,CC-91
CC:CC0,AB0,AA-1,AD-3,AE-2
-----
AA:AA0,AD-2,AE-1,AB0,CC-92
AB:AB0,AA-1,AD-3,CC-93,AE-2
AD:AD0,AE1,AB2,AA1,CC-90
AE:AE0,AB1,AA0,AD-2,CC-92
CC:CC0,AB0,AA-1,AD-3,AE-2
-----
AA:AA0,AD-2,AE-1,AB0,CC-92
AB:AB0,AA-1,AD-3,CC-93,AE-2
AD:AD0,AE1,AB2,AA1,CC-91
AE:AE0,AB1,AA0,AD-2,CC-92
CC:CC0,AB0,AA-1,AD-3,AE-2
-----
AA:AA0,AD-2,AE-1,AB0,CC-93
AB:AB0,AA-1,AD-3,CC-94,AE-2
AD:AD0,AE1,AB2,AA1,CC-91
AE:AE0,AB1,AA0,AD-2,CC-93
CC:CC0,AB0,AA-1,AD-3,AE-2
-----
AA:AA0,AD-2,AE-1,AB0,CC-93
AB:AB0,AA-1,AD-3,CC-94,AE-2
AD:AD0,AE1,AB2,AA1,CC-92
AE:AE0,AB1,AA0,AD-2,CC-93
CC:CC0,AB0,AA-1,AD-3,AE-2
-----
AA:AA0,AD-2,AE-1,AB0,CC-94
AB:AB0,AA-1,AD-3,CC-95,AE-2
AD:AD0,AE1,AB2,AA1,CC-92
AE:AE0,AB1,AA0,AD-2,CC-94
CC:CC0,AB0,AA-1,AD-3,AE-2
-----
AA:AA0,AD-2,AE-1,AB0,CC-94
AB:AB0,AA-1,AD-3,CC-95,AE-2
AD:AD0,AE1,AB2,AA1,CC-93
AE:AE0,AB1,AA0,AD-2,CC-94
CC:CC0,AB0,AA-1,AD-3,AE-2
-----
AA:AA0,AD-2,AE-1,AB0,CC-95
AB:AB0,AA-1,AD-3,CC-96,AE-2
AD:AD0,AE1,AB2,AA1,CC-93
AE:AE0,AB1,AA0,AD-2,CC-95
CC:CC0,AB0,AA-1,AD-3,AE-2
-----
AA:AA0,AD-2,AE-1,AB0,CC-95
AB:AB0,AA-1,AD-3,CC-96,AE-2
AD:AD0,AE1,AB2,AA1,CC-94
AE:AE0,AB1,AA0,AD-2,CC-95
CC:CC0,AB0,AA-1,AD-3,AE-2
-----
AA:AA0,AD-2,AE-1,AB0,CC-96
AB:AB0,AA-1,AD-3,CC-97,AE-2
AD:AD0,AE1,AB2,AA1,CC-94
AE:AE0,AB1,AA0,AD-2,CC-96
CC:CC0,AB0,AA-1,AD-3,AE-2
-----
AA:AA0,AD-2,AE-1,AB0,CC-96
AB:AB0,AA-1,AD-3,CC-97,AE-2
AD:AD0,AE1,AB2,AA1,CC-95
AE:AE0,AB1,AA0,AD-2,CC-96
CC:CC0,AB0,AA-1,AD-3,AE-2
-----
AA:AA0,AD-2,AE-1,AB0,CC-97
AB:AB0,AA-1,AD-3,CC-98,AE-2
AD:AD0,AE1,AB2,AA1,CC-95
AE:AE0,AB1,AA0,AD-2,CC-97
CC:CC0,AB0,AA-1,AD-3,AE-2
-----
AA:AA0,AD-2,AE-1,AB0,CC-97
AB:AB0,AA-1,AD-3,CC-98,AE-2
AD:AD0,AE1,AB2,AA1,CC-96
AE:AE0,AB1,AA0,AD-2,CC-97
CC:CC0,AB0,AA-1,AD-3,AE-2
-----
AA:AA0,AD-2,AE-1,AB0,CC-98
AB:AB0,AA-1,AD-3,CC-99,AE-2
AD:AD0,AE1,AB2,AA1,CC-96
AE:AE0,AB1,AA0,AD-2,CC-98
CC:CC0,AB0,AA-1,AD-3,AE-2
-----
AA:AA0,AD-2,AE-1,AB0,CC-98
AB:AB0,AA-1,AD-3,CC-99,AE-2
AD:AD0,AE1,AB2,AA1,CC-97
AE:AE0,AB1,AA0,AD-2,CC-98
CC:CC0,AB0,AA-1,AD-3,AE-2
-----
AA:AA0,AD-2,AE-1,AB0,CC-99
AB:AB0,AA-1,AD-3,CC-99,AE-2
AD:AD0,AE1,AB2,AA1,CC-97
AE:AE0,AB1,AA0,AD-2,CC-98
CC:CC0,AB0,AA-1,AD-3,AE-2
-----
